<?xml version="1.0" encoding="UTF-8"?>
<testsuite xmlns:xsi="http://www.w3.org/2001/XMLSchema-instance" xsi:noNamespaceSchemaLocation="https://maven.apache.org/surefire/maven-surefire-plugin/xsd/surefire-test-report-3.0.xsd" version="3.0" name="br.edu.infnet.lucas.santos.ApplicationTests" time="4.804" tests="1" errors="0" skipped="0" failures="0">
  <properties>
    <property name="java.specification.version" value="23"/>
    <property name="sun.cpu.isalist" value="amd64"/>
    <property name="sun.jnu.encoding" value="Cp1252"/>
    <property name="java.class.path" value="C:\Users\Lucas Santos\eclipse-workspace\lucas.santos\target\test-classes;C:\Users\Lucas Santos\eclipse-workspace\lucas.santos\target\classes;C:\Users\Lucas Santos\.m2\repository\org\springframework\cloud\spring-cloud-starter-openfeign\4.1.3\spring-cloud-starter-openfeign-4.1.3.jar;C:\Users\Lucas Santos\.m2\repository\org\springframework\cloud\spring-cloud-starter\4.1.4\spring-cloud-starter-4.1.4.jar;C:\Users\Lucas Santos\.m2\repository\org\springframework\cloud\spring-cloud-context\4.1.4\spring-cloud-context-4.1.4.jar;C:\Users\Lucas Santos\.m2\repository\org\springframework\security\spring-security-rsa\1.1.3\spring-security-rsa-1.1.3.jar;C:\Users\Lucas Santos\.m2\repository\org\bouncycastle\bcprov-jdk18on\1.78\bcprov-jdk18on-1.78.jar;C:\Users\Lucas Santos\.m2\repository\org\springframework\cloud\spring-cloud-openfeign-core\4.1.3\spring-cloud-openfeign-core-4.1.3.jar;C:\Users\Lucas Santos\.m2\repository\org\springframework\boot\spring-boot-autoconfigure\3.3.5\spring-boot-autoconfigure-3.3.5.jar;C:\Users\Lucas Santos\.m2\repository\io\github\openfeign\form\feign-form-spring\3.8.0\feign-form-spring-3.8.0.jar;C:\Users\Lucas Santos\.m2\repository\io\github\openfeign\form\feign-form\3.8.0\feign-form-3.8.0.jar;C:\Users\Lucas Santos\.m2\repository\commons-fileupload\commons-fileupload\1.5\commons-fileupload-1.5.jar;C:\Users\Lucas Santos\.m2\repository\commons-io\commons-io\2.11.0\commons-io-2.11.0.jar;C:\Users\Lucas Santos\.m2\repository\org\springframework\spring-web\6.1.14\spring-web-6.1.14.jar;C:\Users\Lucas Santos\.m2\repository\org\springframework\spring-beans\6.1.14\spring-beans-6.1.14.jar;C:\Users\Lucas Santos\.m2\repository\io\micrometer\micrometer-observation\1.13.6\micrometer-observation-1.13.6.jar;C:\Users\Lucas Santos\.m2\repository\io\micrometer\micrometer-commons\1.13.6\micrometer-commons-1.13.6.jar;C:\Users\Lucas Santos\.m2\repository\org\springframework\cloud\spring-cloud-commons\4.1.4\spring-cloud-commons-4.1.4.jar;C:\Users\Lucas Santos\.m2\repository\org\springframework\security\spring-security-crypto\6.3.4\spring-security-crypto-6.3.4.jar;C:\Users\Lucas Santos\.m2\repository\io\github\openfeign\feign-core\13.3\feign-core-13.3.jar;C:\Users\Lucas Santos\.m2\repository\io\github\openfeign\feign-slf4j\13.3\feign-slf4j-13.3.jar;C:\Users\Lucas Santos\.m2\repository\org\slf4j\slf4j-api\2.0.16\slf4j-api-2.0.16.jar;C:\Users\Lucas Santos\.m2\repository\org\springframework\boot\spring-boot-starter-data-jpa\3.3.5\spring-boot-starter-data-jpa-3.3.5.jar;C:\Users\Lucas Santos\.m2\repository\org\springframework\boot\spring-boot-starter-aop\3.3.5\spring-boot-starter-aop-3.3.5.jar;C:\Users\Lucas Santos\.m2\repository\org\springframework\spring-aop\6.1.14\spring-aop-6.1.14.jar;C:\Users\Lucas Santos\.m2\repository\org\aspectj\aspectjweaver\1.9.22.1\aspectjweaver-1.9.22.1.jar;C:\Users\Lucas Santos\.m2\repository\org\springframework\boot\spring-boot-starter-jdbc\3.3.5\spring-boot-starter-jdbc-3.3.5.jar;C:\Users\Lucas Santos\.m2\repository\com\zaxxer\HikariCP\5.1.0\HikariCP-5.1.0.jar;C:\Users\Lucas Santos\.m2\repository\org\springframework\spring-jdbc\6.1.14\spring-jdbc-6.1.14.jar;C:\Users\Lucas Santos\.m2\repository\org\hibernate\orm\hibernate-core\6.5.3.Final\hibernate-core-6.5.3.Final.jar;C:\Users\Lucas Santos\.m2\repository\jakarta\persistence\jakarta.persistence-api\3.1.0\jakarta.persistence-api-3.1.0.jar;C:\Users\Lucas Santos\.m2\repository\jakarta\transaction\jakarta.transaction-api\2.0.1\jakarta.transaction-api-2.0.1.jar;C:\Users\Lucas Santos\.m2\repository\org\jboss\logging\jboss-logging\3.5.3.Final\jboss-logging-3.5.3.Final.jar;C:\Users\Lucas Santos\.m2\repository\org\hibernate\common\hibernate-commons-annotations\6.0.6.Final\hibernate-commons-annotations-6.0.6.Final.jar;C:\Users\Lucas Santos\.m2\repository\io\smallrye\jandex\3.1.2\jandex-3.1.2.jar;C:\Users\Lucas Santos\.m2\repository\com\fasterxml\classmate\1.7.0\classmate-1.7.0.jar;C:\Users\Lucas Santos\.m2\repository\net\bytebuddy\byte-buddy\1.14.19\byte-buddy-1.14.19.jar;C:\Users\Lucas Santos\.m2\repository\org\glassfish\jaxb\jaxb-runtime\4.0.5\jaxb-runtime-4.0.5.jar;C:\Users\Lucas Santos\.m2\repository\org\glassfish\jaxb\jaxb-core\4.0.5\jaxb-core-4.0.5.jar;C:\Users\Lucas Santos\.m2\repository\org\eclipse\angus\angus-activation\2.0.2\angus-activation-2.0.2.jar;C:\Users\Lucas Santos\.m2\repository\org\glassfish\jaxb\txw2\4.0.5\txw2-4.0.5.jar;C:\Users\Lucas Santos\.m2\repository\com\sun\istack\istack-commons-runtime\4.1.2\istack-commons-runtime-4.1.2.jar;C:\Users\Lucas Santos\.m2\repository\jakarta\inject\jakarta.inject-api\2.0.1\jakarta.inject-api-2.0.1.jar;C:\Users\Lucas Santos\.m2\repository\org\antlr\antlr4-runtime\4.13.0\antlr4-runtime-4.13.0.jar;C:\Users\Lucas Santos\.m2\repository\org\springframework\data\spring-data-jpa\3.3.5\spring-data-jpa-3.3.5.jar;C:\Users\Lucas Santos\.m2\repository\org\springframework\data\spring-data-commons\3.3.5\spring-data-commons-3.3.5.jar;C:\Users\Lucas Santos\.m2\repository\org\springframework\spring-orm\6.1.14\spring-orm-6.1.14.jar;C:\Users\Lucas Santos\.m2\repository\org\springframework\spring-context\6.1.14\spring-context-6.1.14.jar;C:\Users\Lucas Santos\.m2\repository\org\springframework\spring-tx\6.1.14\spring-tx-6.1.14.jar;C:\Users\Lucas Santos\.m2\repository\jakarta\annotation\jakarta.annotation-api\2.1.1\jakarta.annotation-api-2.1.1.jar;C:\Users\Lucas Santos\.m2\repository\org\springframework\spring-aspects\6.1.14\spring-aspects-6.1.14.jar;C:\Users\Lucas Santos\.m2\repository\com\h2database\h2\2.2.224\h2-2.2.224.jar;C:\Users\Lucas Santos\.m2\repository\org\springframework\boot\spring-boot-starter-web\3.3.5\spring-boot-starter-web-3.3.5.jar;C:\Users\Lucas Santos\.m2\repository\org\springframework\boot\spring-boot-starter\3.3.5\spring-boot-starter-3.3.5.jar;C:\Users\Lucas Santos\.m2\repository\org\springframework\boot\spring-boot\3.3.5\spring-boot-3.3.5.jar;C:\Users\Lucas Santos\.m2\repository\org\springframework\boot\spring-boot-starter-logging\3.3.5\spring-boot-starter-logging-3.3.5.jar;C:\Users\Lucas Santos\.m2\repository\ch\qos\logback\logback-classic\1.5.11\logback-classic-1.5.11.jar;C:\Users\Lucas Santos\.m2\repository\ch\qos\logback\logback-core\1.5.11\logback-core-1.5.11.jar;C:\Users\Lucas Santos\.m2\repository\org\apache\logging\log4j\log4j-to-slf4j\2.23.1\log4j-to-slf4j-2.23.1.jar;C:\Users\Lucas Santos\.m2\repository\org\apache\logging\log4j\log4j-api\2.23.1\log4j-api-2.23.1.jar;C:\Users\Lucas Santos\.m2\repository\org\slf4j\jul-to-slf4j\2.0.16\jul-to-slf4j-2.0.16.jar;C:\Users\Lucas Santos\.m2\repository\org\yaml\snakeyaml\2.2\snakeyaml-2.2.jar;C:\Users\Lucas Santos\.m2\repository\org\springframework\boot\spring-boot-starter-json\3.3.5\spring-boot-starter-json-3.3.5.jar;C:\Users\Lucas Santos\.m2\repository\com\fasterxml\jackson\core\jackson-databind\2.17.2\jackson-databind-2.17.2.jar;C:\Users\Lucas Santos\.m2\repository\com\fasterxml\jackson\core\jackson-annotations\2.17.2\jackson-annotations-2.17.2.jar;C:\Users\Lucas Santos\.m2\repository\com\fasterxml\jackson\core\jackson-core\2.17.2\jackson-core-2.17.2.jar;C:\Users\Lucas Santos\.m2\repository\com\fasterxml\jackson\datatype\jackson-datatype-jdk8\2.17.2\jackson-datatype-jdk8-2.17.2.jar;C:\Users\Lucas Santos\.m2\repository\com\fasterxml\jackson\datatype\jackson-datatype-jsr310\2.17.2\jackson-datatype-jsr310-2.17.2.jar;C:\Users\Lucas Santos\.m2\repository\com\fasterxml\jackson\module\jackson-module-parameter-names\2.17.2\jackson-module-parameter-names-2.17.2.jar;C:\Users\Lucas Santos\.m2\repository\org\springframework\boot\spring-boot-starter-tomcat\3.3.5\spring-boot-starter-tomcat-3.3.5.jar;C:\Users\Lucas Santos\.m2\repository\org\apache\tomcat\embed\tomcat-embed-core\10.1.31\tomcat-embed-core-10.1.31.jar;C:\Users\Lucas Santos\.m2\repository\org\apache\tomcat\embed\tomcat-embed-el\10.1.31\tomcat-embed-el-10.1.31.jar;C:\Users\Lucas Santos\.m2\repository\org\apache\tomcat\embed\tomcat-embed-websocket\10.1.31\tomcat-embed-websocket-10.1.31.jar;C:\Users\Lucas Santos\.m2\repository\org\springframework\spring-webmvc\6.1.14\spring-webmvc-6.1.14.jar;C:\Users\Lucas Santos\.m2\repository\org\springframework\spring-expression\6.1.14\spring-expression-6.1.14.jar;C:\Users\Lucas Santos\.m2\repository\org\springframework\boot\spring-boot-starter-test\3.3.5\spring-boot-starter-test-3.3.5.jar;C:\Users\Lucas Santos\.m2\repository\org\springframework\boot\spring-boot-test\3.3.5\spring-boot-test-3.3.5.jar;C:\Users\Lucas Santos\.m2\repository\org\springframework\boot\spring-boot-test-autoconfigure\3.3.5\spring-boot-test-autoconfigure-3.3.5.jar;C:\Users\Lucas Santos\.m2\repository\com\jayway\jsonpath\json-path\2.9.0\json-path-2.9.0.jar;C:\Users\Lucas Santos\.m2\repository\jakarta\xml\bind\jakarta.xml.bind-api\4.0.2\jakarta.xml.bind-api-4.0.2.jar;C:\Users\Lucas Santos\.m2\repository\jakarta\activation\jakarta.activation-api\2.1.3\jakarta.activation-api-2.1.3.jar;C:\Users\Lucas Santos\.m2\repository\net\minidev\json-smart\2.5.1\json-smart-2.5.1.jar;C:\Users\Lucas Santos\.m2\repository\net\minidev\accessors-smart\2.5.1\accessors-smart-2.5.1.jar;C:\Users\Lucas Santos\.m2\repository\org\ow2\asm\asm\9.6\asm-9.6.jar;C:\Users\Lucas Santos\.m2\repository\org\assertj\assertj-core\3.25.3\assertj-core-3.25.3.jar;C:\Users\Lucas Santos\.m2\repository\org\awaitility\awaitility\4.2.2\awaitility-4.2.2.jar;C:\Users\Lucas Santos\.m2\repository\org\hamcrest\hamcrest\2.2\hamcrest-2.2.jar;C:\Users\Lucas Santos\.m2\repository\org\junit\jupiter\junit-jupiter\5.10.5\junit-jupiter-5.10.5.jar;C:\Users\Lucas Santos\.m2\repository\org\junit\jupiter\junit-jupiter-api\5.10.5\junit-jupiter-api-5.10.5.jar;C:\Users\Lucas Santos\.m2\repository\org\opentest4j\opentest4j\1.3.0\opentest4j-1.3.0.jar;C:\Users\Lucas Santos\.m2\repository\org\junit\platform\junit-platform-commons\1.10.5\junit-platform-commons-1.10.5.jar;C:\Users\Lucas Santos\.m2\repository\org\apiguardian\apiguardian-api\1.1.2\apiguardian-api-1.1.2.jar;C:\Users\Lucas Santos\.m2\repository\org\junit\jupiter\junit-jupiter-params\5.10.5\junit-jupiter-params-5.10.5.jar;C:\Users\Lucas Santos\.m2\repository\org\junit\jupiter\junit-jupiter-engine\5.10.5\junit-jupiter-engine-5.10.5.jar;C:\Users\Lucas Santos\.m2\repository\org\junit\platform\junit-platform-engine\1.10.5\junit-platform-engine-1.10.5.jar;C:\Users\Lucas Santos\.m2\repository\org\mockito\mockito-core\5.11.0\mockito-core-5.11.0.jar;C:\Users\Lucas Santos\.m2\repository\net\bytebuddy\byte-buddy-agent\1.14.19\byte-buddy-agent-1.14.19.jar;C:\Users\Lucas Santos\.m2\repository\org\objenesis\objenesis\3.3\objenesis-3.3.jar;C:\Users\Lucas Santos\.m2\repository\org\mockito\mockito-junit-jupiter\5.11.0\mockito-junit-jupiter-5.11.0.jar;C:\Users\Lucas Santos\.m2\repository\org\skyscreamer\jsonassert\1.5.3\jsonassert-1.5.3.jar;C:\Users\Lucas Santos\.m2\repository\com\vaadin\external\google\android-json\0.0.20131108.vaadin1\android-json-0.0.20131108.vaadin1.jar;C:\Users\Lucas Santos\.m2\repository\org\springframework\spring-core\6.1.14\spring-core-6.1.14.jar;C:\Users\Lucas Santos\.m2\repository\org\springframework\spring-jcl\6.1.14\spring-jcl-6.1.14.jar;C:\Users\Lucas Santos\.m2\repository\org\springframework\spring-test\6.1.14\spring-test-6.1.14.jar;C:\Users\Lucas Santos\.m2\repository\org\xmlunit\xmlunit-core\2.9.1\xmlunit-core-2.9.1.jar;"/>
    <property name="java.vm.vendor" value="Eclipse Adoptium"/>
    <property name="sun.arch.data.model" value="64"/>
    <property name="user.variant" value=""/>
    <property name="java.vendor.url" value="https://adoptium.net/"/>
    <property name="user.timezone" value="America/Toronto"/>
    <property name="org.jboss.logging.provider" value="slf4j"/>
    <property name="os.name" value="Windows 11"/>
    <property name="java.vm.specification.version" value="23"/>
    <property name="sun.java.launcher" value="SUN_STANDARD"/>
    <property name="user.country" value="CA"/>
    <property name="sun.boot.library.path" value="C:\Users\Lucas Santos\.p2\pool\plugins\org.eclipse.justj.openjdk.hotspot.jre.full.win32.x86_64_23.0.0.v20240919-1706\jre\bin"/>
    <property name="sun.java.command" value="C:\Users\Lucas Santos\AppData\Local\Temp\surefire84276043609110652\surefirebooter-20241110211646824_3.jar C:\Users\Lucas Santos\AppData\Local\Temp\surefire84276043609110652 2024-11-10T21-16-46_761-jvmRun1 surefire-20241110211646824_1tmp surefire_0-20241110211646824_2tmp"/>
    <property name="jdk.debug" value="release"/>
    <property name="surefire.test.class.path" value="C:\Users\Lucas Santos\eclipse-workspace\lucas.santos\target\test-classes;C:\Users\Lucas Santos\eclipse-workspace\lucas.santos\target\classes;C:\Users\Lucas Santos\.m2\repository\org\springframework\cloud\spring-cloud-starter-openfeign\4.1.3\spring-cloud-starter-openfeign-4.1.3.jar;C:\Users\Lucas Santos\.m2\repository\org\springframework\cloud\spring-cloud-starter\4.1.4\spring-cloud-starter-4.1.4.jar;C:\Users\Lucas Santos\.m2\repository\org\springframework\cloud\spring-cloud-context\4.1.4\spring-cloud-context-4.1.4.jar;C:\Users\Lucas Santos\.m2\repository\org\springframework\security\spring-security-rsa\1.1.3\spring-security-rsa-1.1.3.jar;C:\Users\Lucas Santos\.m2\repository\org\bouncycastle\bcprov-jdk18on\1.78\bcprov-jdk18on-1.78.jar;C:\Users\Lucas Santos\.m2\repository\org\springframework\cloud\spring-cloud-openfeign-core\4.1.3\spring-cloud-openfeign-core-4.1.3.jar;C:\Users\Lucas Santos\.m2\repository\org\springframework\boot\spring-boot-autoconfigure\3.3.5\spring-boot-autoconfigure-3.3.5.jar;C:\Users\Lucas Santos\.m2\repository\io\github\openfeign\form\feign-form-spring\3.8.0\feign-form-spring-3.8.0.jar;C:\Users\Lucas Santos\.m2\repository\io\github\openfeign\form\feign-form\3.8.0\feign-form-3.8.0.jar;C:\Users\Lucas Santos\.m2\repository\commons-fileupload\commons-fileupload\1.5\commons-fileupload-1.5.jar;C:\Users\Lucas Santos\.m2\repository\commons-io\commons-io\2.11.0\commons-io-2.11.0.jar;C:\Users\Lucas Santos\.m2\repository\org\springframework\spring-web\6.1.14\spring-web-6.1.14.jar;C:\Users\Lucas Santos\.m2\repository\org\springframework\spring-beans\6.1.14\spring-beans-6.1.14.jar;C:\Users\Lucas Santos\.m2\repository\io\micrometer\micrometer-observation\1.13.6\micrometer-observation-1.13.6.jar;C:\Users\Lucas Santos\.m2\repository\io\micrometer\micrometer-commons\1.13.6\micrometer-commons-1.13.6.jar;C:\Users\Lucas Santos\.m2\repository\org\springframework\cloud\spring-cloud-commons\4.1.4\spring-cloud-commons-4.1.4.jar;C:\Users\Lucas Santos\.m2\repository\org\springframework\security\spring-security-crypto\6.3.4\spring-security-crypto-6.3.4.jar;C:\Users\Lucas Santos\.m2\repository\io\github\openfeign\feign-core\13.3\feign-core-13.3.jar;C:\Users\Lucas Santos\.m2\repository\io\github\openfeign\feign-slf4j\13.3\feign-slf4j-13.3.jar;C:\Users\Lucas Santos\.m2\repository\org\slf4j\slf4j-api\2.0.16\slf4j-api-2.0.16.jar;C:\Users\Lucas Santos\.m2\repository\org\springframework\boot\spring-boot-starter-data-jpa\3.3.5\spring-boot-starter-data-jpa-3.3.5.jar;C:\Users\Lucas Santos\.m2\repository\org\springframework\boot\spring-boot-starter-aop\3.3.5\spring-boot-starter-aop-3.3.5.jar;C:\Users\Lucas Santos\.m2\repository\org\springframework\spring-aop\6.1.14\spring-aop-6.1.14.jar;C:\Users\Lucas Santos\.m2\repository\org\aspectj\aspectjweaver\1.9.22.1\aspectjweaver-1.9.22.1.jar;C:\Users\Lucas Santos\.m2\repository\org\springframework\boot\spring-boot-starter-jdbc\3.3.5\spring-boot-starter-jdbc-3.3.5.jar;C:\Users\Lucas Santos\.m2\repository\com\zaxxer\HikariCP\5.1.0\HikariCP-5.1.0.jar;C:\Users\Lucas Santos\.m2\repository\org\springframework\spring-jdbc\6.1.14\spring-jdbc-6.1.14.jar;C:\Users\Lucas Santos\.m2\repository\org\hibernate\orm\hibernate-core\6.5.3.Final\hibernate-core-6.5.3.Final.jar;C:\Users\Lucas Santos\.m2\repository\jakarta\persistence\jakarta.persistence-api\3.1.0\jakarta.persistence-api-3.1.0.jar;C:\Users\Lucas Santos\.m2\repository\jakarta\transaction\jakarta.transaction-api\2.0.1\jakarta.transaction-api-2.0.1.jar;C:\Users\Lucas Santos\.m2\repository\org\jboss\logging\jboss-logging\3.5.3.Final\jboss-logging-3.5.3.Final.jar;C:\Users\Lucas Santos\.m2\repository\org\hibernate\common\hibernate-commons-annotations\6.0.6.Final\hibernate-commons-annotations-6.0.6.Final.jar;C:\Users\Lucas Santos\.m2\repository\io\smallrye\jandex\3.1.2\jandex-3.1.2.jar;C:\Users\Lucas Santos\.m2\repository\com\fasterxml\classmate\1.7.0\classmate-1.7.0.jar;C:\Users\Lucas Santos\.m2\repository\net\bytebuddy\byte-buddy\1.14.19\byte-buddy-1.14.19.jar;C:\Users\Lucas Santos\.m2\repository\org\glassfish\jaxb\jaxb-runtime\4.0.5\jaxb-runtime-4.0.5.jar;C:\Users\Lucas Santos\.m2\repository\org\glassfish\jaxb\jaxb-core\4.0.5\jaxb-core-4.0.5.jar;C:\Users\Lucas Santos\.m2\repository\org\eclipse\angus\angus-activation\2.0.2\angus-activation-2.0.2.jar;C:\Users\Lucas Santos\.m2\repository\org\glassfish\jaxb\txw2\4.0.5\txw2-4.0.5.jar;C:\Users\Lucas Santos\.m2\repository\com\sun\istack\istack-commons-runtime\4.1.2\istack-commons-runtime-4.1.2.jar;C:\Users\Lucas Santos\.m2\repository\jakarta\inject\jakarta.inject-api\2.0.1\jakarta.inject-api-2.0.1.jar;C:\Users\Lucas Santos\.m2\repository\org\antlr\antlr4-runtime\4.13.0\antlr4-runtime-4.13.0.jar;C:\Users\Lucas Santos\.m2\repository\org\springframework\data\spring-data-jpa\3.3.5\spring-data-jpa-3.3.5.jar;C:\Users\Lucas Santos\.m2\repository\org\springframework\data\spring-data-commons\3.3.5\spring-data-commons-3.3.5.jar;C:\Users\Lucas Santos\.m2\repository\org\springframework\spring-orm\6.1.14\spring-orm-6.1.14.jar;C:\Users\Lucas Santos\.m2\repository\org\springframework\spring-context\6.1.14\spring-context-6.1.14.jar;C:\Users\Lucas Santos\.m2\repository\org\springframework\spring-tx\6.1.14\spring-tx-6.1.14.jar;C:\Users\Lucas Santos\.m2\repository\jakarta\annotation\jakarta.annotation-api\2.1.1\jakarta.annotation-api-2.1.1.jar;C:\Users\Lucas Santos\.m2\repository\org\springframework\spring-aspects\6.1.14\spring-aspects-6.1.14.jar;C:\Users\Lucas Santos\.m2\repository\com\h2database\h2\2.2.224\h2-2.2.224.jar;C:\Users\Lucas Santos\.m2\repository\org\springframework\boot\spring-boot-starter-web\3.3.5\spring-boot-starter-web-3.3.5.jar;C:\Users\Lucas Santos\.m2\repository\org\springframework\boot\spring-boot-starter\3.3.5\spring-boot-starter-3.3.5.jar;C:\Users\Lucas Santos\.m2\repository\org\springframework\boot\spring-boot\3.3.5\spring-boot-3.3.5.jar;C:\Users\Lucas Santos\.m2\repository\org\springframework\boot\spring-boot-starter-logging\3.3.5\spring-boot-starter-logging-3.3.5.jar;C:\Users\Lucas Santos\.m2\repository\ch\qos\logback\logback-classic\1.5.11\logback-classic-1.5.11.jar;C:\Users\Lucas Santos\.m2\repository\ch\qos\logback\logback-core\1.5.11\logback-core-1.5.11.jar;C:\Users\Lucas Santos\.m2\repository\org\apache\logging\log4j\log4j-to-slf4j\2.23.1\log4j-to-slf4j-2.23.1.jar;C:\Users\Lucas Santos\.m2\repository\org\apache\logging\log4j\log4j-api\2.23.1\log4j-api-2.23.1.jar;C:\Users\Lucas Santos\.m2\repository\org\slf4j\jul-to-slf4j\2.0.16\jul-to-slf4j-2.0.16.jar;C:\Users\Lucas Santos\.m2\repository\org\yaml\snakeyaml\2.2\snakeyaml-2.2.jar;C:\Users\Lucas Santos\.m2\repository\org\springframework\boot\spring-boot-starter-json\3.3.5\spring-boot-starter-json-3.3.5.jar;C:\Users\Lucas Santos\.m2\repository\com\fasterxml\jackson\core\jackson-databind\2.17.2\jackson-databind-2.17.2.jar;C:\Users\Lucas Santos\.m2\repository\com\fasterxml\jackson\core\jackson-annotations\2.17.2\jackson-annotations-2.17.2.jar;C:\Users\Lucas Santos\.m2\repository\com\fasterxml\jackson\core\jackson-core\2.17.2\jackson-core-2.17.2.jar;C:\Users\Lucas Santos\.m2\repository\com\fasterxml\jackson\datatype\jackson-datatype-jdk8\2.17.2\jackson-datatype-jdk8-2.17.2.jar;C:\Users\Lucas Santos\.m2\repository\com\fasterxml\jackson\datatype\jackson-datatype-jsr310\2.17.2\jackson-datatype-jsr310-2.17.2.jar;C:\Users\Lucas Santos\.m2\repository\com\fasterxml\jackson\module\jackson-module-parameter-names\2.17.2\jackson-module-parameter-names-2.17.2.jar;C:\Users\Lucas Santos\.m2\repository\org\springframework\boot\spring-boot-starter-tomcat\3.3.5\spring-boot-starter-tomcat-3.3.5.jar;C:\Users\Lucas Santos\.m2\repository\org\apache\tomcat\embed\tomcat-embed-core\10.1.31\tomcat-embed-core-10.1.31.jar;C:\Users\Lucas Santos\.m2\repository\org\apache\tomcat\embed\tomcat-embed-el\10.1.31\tomcat-embed-el-10.1.31.jar;C:\Users\Lucas Santos\.m2\repository\org\apache\tomcat\embed\tomcat-embed-websocket\10.1.31\tomcat-embed-websocket-10.1.31.jar;C:\Users\Lucas Santos\.m2\repository\org\springframework\spring-webmvc\6.1.14\spring-webmvc-6.1.14.jar;C:\Users\Lucas Santos\.m2\repository\org\springframework\spring-expression\6.1.14\spring-expression-6.1.14.jar;C:\Users\Lucas Santos\.m2\repository\org\springframework\boot\spring-boot-starter-test\3.3.5\spring-boot-starter-test-3.3.5.jar;C:\Users\Lucas Santos\.m2\repository\org\springframework\boot\spring-boot-test\3.3.5\spring-boot-test-3.3.5.jar;C:\Users\Lucas Santos\.m2\repository\org\springframework\boot\spring-boot-test-autoconfigure\3.3.5\spring-boot-test-autoconfigure-3.3.5.jar;C:\Users\Lucas Santos\.m2\repository\com\jayway\jsonpath\json-path\2.9.0\json-path-2.9.0.jar;C:\Users\Lucas Santos\.m2\repository\jakarta\xml\bind\jakarta.xml.bind-api\4.0.2\jakarta.xml.bind-api-4.0.2.jar;C:\Users\Lucas Santos\.m2\repository\jakarta\activation\jakarta.activation-api\2.1.3\jakarta.activation-api-2.1.3.jar;C:\Users\Lucas Santos\.m2\repository\net\minidev\json-smart\2.5.1\json-smart-2.5.1.jar;C:\Users\Lucas Santos\.m2\repository\net\minidev\accessors-smart\2.5.1\accessors-smart-2.5.1.jar;C:\Users\Lucas Santos\.m2\repository\org\ow2\asm\asm\9.6\asm-9.6.jar;C:\Users\Lucas Santos\.m2\repository\org\assertj\assertj-core\3.25.3\assertj-core-3.25.3.jar;C:\Users\Lucas Santos\.m2\repository\org\awaitility\awaitility\4.2.2\awaitility-4.2.2.jar;C:\Users\Lucas Santos\.m2\repository\org\hamcrest\hamcrest\2.2\hamcrest-2.2.jar;C:\Users\Lucas Santos\.m2\repository\org\junit\jupiter\junit-jupiter\5.10.5\junit-jupiter-5.10.5.jar;C:\Users\Lucas Santos\.m2\repository\org\junit\jupiter\junit-jupiter-api\5.10.5\junit-jupiter-api-5.10.5.jar;C:\Users\Lucas Santos\.m2\repository\org\opentest4j\opentest4j\1.3.0\opentest4j-1.3.0.jar;C:\Users\Lucas Santos\.m2\repository\org\junit\platform\junit-platform-commons\1.10.5\junit-platform-commons-1.10.5.jar;C:\Users\Lucas Santos\.m2\repository\org\apiguardian\apiguardian-api\1.1.2\apiguardian-api-1.1.2.jar;C:\Users\Lucas Santos\.m2\repository\org\junit\jupiter\junit-jupiter-params\5.10.5\junit-jupiter-params-5.10.5.jar;C:\Users\Lucas Santos\.m2\repository\org\junit\jupiter\junit-jupiter-engine\5.10.5\junit-jupiter-engine-5.10.5.jar;C:\Users\Lucas Santos\.m2\repository\org\junit\platform\junit-platform-engine\1.10.5\junit-platform-engine-1.10.5.jar;C:\Users\Lucas Santos\.m2\repository\org\mockito\mockito-core\5.11.0\mockito-core-5.11.0.jar;C:\Users\Lucas Santos\.m2\repository\net\bytebuddy\byte-buddy-agent\1.14.19\byte-buddy-agent-1.14.19.jar;C:\Users\Lucas Santos\.m2\repository\org\objenesis\objenesis\3.3\objenesis-3.3.jar;C:\Users\Lucas Santos\.m2\repository\org\mockito\mockito-junit-jupiter\5.11.0\mockito-junit-jupiter-5.11.0.jar;C:\Users\Lucas Santos\.m2\repository\org\skyscreamer\jsonassert\1.5.3\jsonassert-1.5.3.jar;C:\Users\Lucas Santos\.m2\repository\com\vaadin\external\google\android-json\0.0.20131108.vaadin1\android-json-0.0.20131108.vaadin1.jar;C:\Users\Lucas Santos\.m2\repository\org\springframework\spring-core\6.1.14\spring-core-6.1.14.jar;C:\Users\Lucas Santos\.m2\repository\org\springframework\spring-jcl\6.1.14\spring-jcl-6.1.14.jar;C:\Users\Lucas Santos\.m2\repository\org\springframework\spring-test\6.1.14\spring-test-6.1.14.jar;C:\Users\Lucas Santos\.m2\repository\org\xmlunit\xmlunit-core\2.9.1\xmlunit-core-2.9.1.jar;"/>
    <property name="sun.cpu.endian" value="little"/>
    <property name="user.home" value="C:\Users\Lucas Santos"/>
    <property name="user.language" value="en"/>
    <property name="java.specification.vendor" value="Oracle Corporation"/>
    <property name="java.version.date" value="2024-09-17"/>
    <property name="java.home" value="C:\Users\Lucas Santos\.p2\pool\plugins\org.eclipse.justj.openjdk.hotspot.jre.full.win32.x86_64_23.0.0.v20240919-1706\jre"/>
    <property name="file.separator" value="\"/>
    <property name="basedir" value="C:\Users\Lucas Santos\eclipse-workspace\lucas.santos"/>
    <property name="style.color" value="always"/>
    <property name="java.vm.compressedOopsMode" value="Zero based"/>
    <property name="line.separator" value="&#10;"/>
    <property name="java.vm.specification.vendor" value="Oracle Corporation"/>
    <property name="java.specification.name" value="Java Platform API Specification"/>
    <property name="FILE_LOG_CHARSET" value="UTF-8"/>
    <property name="java.awt.headless" value="true"/>
    <property name="surefire.real.class.path" value="C:\Users\Lucas Santos\AppData\Local\Temp\surefire84276043609110652\surefirebooter-20241110211646824_3.jar"/>
    <property name="user.script" value=""/>
    <property name="sun.management.compiler" value="HotSpot 64-Bit Tiered Compilers"/>
    <property name="java.runtime.version" value="23+37"/>
    <property name="user.name" value="Lucas Santos"/>
    <property name="stdout.encoding" value="Cp1252"/>
    <property name="path.separator" value=";"/>
    <property name="os.version" value="10.0"/>
    <property name="java.runtime.name" value="OpenJDK Runtime Environment"/>
    <property name="file.encoding" value="UTF-8"/>
    <property name="java.vm.name" value="OpenJDK 64-Bit Server VM"/>
    <property name="java.vendor.version" value="Temurin-23+37"/>
    <property name="localRepository" value="C:\Users\Lucas Santos\.m2\repository"/>
    <property name="java.vendor.url.bug" value="https://github.com/adoptium/adoptium-support/issues"/>
    <property name="java.io.tmpdir" value="C:\Users\LUCASS~1\AppData\Local\Temp\"/>
    <property name="com.zaxxer.hikari.pool_number" value="1"/>
    <property name="java.version" value="23"/>
    <property name="user.dir" value="C:\Users\Lucas Santos\eclipse-workspace\lucas.santos"/>
    <property name="os.arch" value="amd64"/>
    <property name="java.vm.specification.name" value="Java Virtual Machine Specification"/>
    <property name="PID" value="3692"/>
    <property name="sun.os.patch.level" value=""/>
    <property name="CONSOLE_LOG_CHARSET" value="UTF-8"/>
    <property name="native.encoding" value="Cp1252"/>
    <property name="java.library.path" value="C:\Users\Lucas Santos\.p2\pool\plugins\org.eclipse.justj.openjdk.hotspot.jre.full.win32.x86_64_23.0.0.v20240919-1706\jre\bin;C:\Windows\Sun\Java\bin;C:\Windows\system32;C:\Windows;C:/Users/Lucas Santos/.p2/pool/plugins/org.eclipse.justj.openjdk.hotspot.jre.full.win32.x86_64_23.0.0.v20240919-1706/jre/bin/server;C:/Users/Lucas Santos/.p2/pool/plugins/org.eclipse.justj.openjdk.hotspot.jre.full.win32.x86_64_23.0.0.v20240919-1706/jre/bin;C:\Program Files\Common Files\Oracle\Java\javapath;C:\Windows\system32;C:\Windows;C:\Windows\System32\Wbem;C:\Windows\System32\WindowsPowerShell\v1.0\;C:\Windows\System32\OpenSSH\;C:\Program Files\Microsoft SQL Server\150\Tools\Binn\;C:\Program Files\Microsoft SQL Server\Client SDK\ODBC\170\Tools\Binn\;C:\Program Files\dotnet\;C:\Users\Lucas Santos\AppData\Local\Microsoft\WindowsApps;C:\Users\Lucas Santos\.dotnet\tools;C:\Users\Lucas Santos\AppData\Local\Programs\Microsoft VS Code\bin;C:\Windows\System32;;."/>
    <property name="java.vm.info" value="mixed mode, sharing"/>
    <property name="stderr.encoding" value="Cp1252"/>
    <property name="java.vendor" value="Eclipse Adoptium"/>
    <property name="java.vm.version" value="23+37"/>
    <property name="sun.io.unicode.encoding" value="UnicodeLittle"/>
    <property name="java.class.version" value="67.0"/>
    <property name="LOGGED_APPLICATION_NAME" value="[lucas.santos] "/>
  </properties>
  <testcase name="contextLoads" classname="br.edu.infnet.lucas.santos.ApplicationTests" time="0.281">
    <system-out><![CDATA[21:16:47.306 [main] INFO org.springframework.test.context.support.AnnotationConfigContextLoaderUtils -- Could not detect default configuration classes for test class [br.edu.infnet.lucas.santos.ApplicationTests]: ApplicationTests does not declare any static, non-private, non-final, nested classes annotated with @Configuration.
21:16:47.378 [main] INFO org.springframework.boot.test.context.SpringBootTestContextBootstrapper -- Found @SpringBootConfiguration br.edu.infnet.lucas.santos.Application for test class br.edu.infnet.lucas.santos.ApplicationTests

  .   ____          _            __ _ _
 /\\ / ___'_ __ _ _(_)_ __  __ _ \ \ \ \
( ( )\___ | '_ | '_| | '_ \/ _` | \ \ \ \
 \\/  ___)| |_)| | | | | || (_| |  ) ) ) )
  '  |____| .__|_| |_|_| |_\__, | / / / /
 =========|_|==============|___/=/_/_/_/

 :: Spring Boot ::                (v3.3.5)

2024-11-10T21:16:47.640-05:00  INFO 3692 --- [lucas.santos] [           main] b.e.i.lucas.santos.ApplicationTests      : Starting ApplicationTests using Java 23 with PID 3692 (started by Lucas Santos in C:\Users\Lucas Santos\eclipse-workspace\lucas.santos)
2024-11-10T21:16:47.641-05:00  INFO 3692 --- [lucas.santos] [           main] b.e.i.lucas.santos.ApplicationTests      : No active profile set, falling back to 1 default profile: "default"
2024-11-10T21:16:48.031-05:00  INFO 3692 --- [lucas.santos] [           main] .s.d.r.c.RepositoryConfigurationDelegate : Bootstrapping Spring Data JPA repositories in DEFAULT mode.
2024-11-10T21:16:48.061-05:00  INFO 3692 --- [lucas.santos] [           main] .s.d.r.c.RepositoryConfigurationDelegate : Finished Spring Data repository scanning in 26 ms. Found 1 JPA repository interface.
2024-11-10T21:16:48.164-05:00  INFO 3692 --- [lucas.santos] [           main] o.s.cloud.context.scope.GenericScope     : BeanFactory id=974422af-dec0-36e0-9ee9-cc11bd18e0ae
2024-11-10T21:16:48.324-05:00  INFO 3692 --- [lucas.santos] [           main] o.hibernate.jpa.internal.util.LogHelper  : HHH000204: Processing PersistenceUnitInfo [name: default]
2024-11-10T21:16:48.362-05:00  INFO 3692 --- [lucas.santos] [           main] org.hibernate.Version                    : HHH000412: Hibernate ORM core version 6.5.3.Final
2024-11-10T21:16:48.382-05:00  INFO 3692 --- [lucas.santos] [           main] o.h.c.internal.RegionFactoryInitiator    : HHH000026: Second-level cache disabled
2024-11-10T21:16:48.584-05:00  INFO 3692 --- [lucas.santos] [           main] o.s.o.j.p.SpringPersistenceUnitInfo      : No LoadTimeWeaver setup: ignoring JPA class transformer
2024-11-10T21:16:48.603-05:00  INFO 3692 --- [lucas.santos] [           main] com.zaxxer.hikari.HikariDataSource       : HikariPool-1 - Starting...
2024-11-10T21:16:48.733-05:00  INFO 3692 --- [lucas.santos] [           main] com.zaxxer.hikari.pool.HikariPool        : HikariPool-1 - Added connection conn0: url=jdbc:h2:~/articodb user=SA
2024-11-10T21:16:48.734-05:00  INFO 3692 --- [lucas.santos] [           main] com.zaxxer.hikari.HikariDataSource       : HikariPool-1 - Start completed.
2024-11-10T21:16:48.749-05:00  WARN 3692 --- [lucas.santos] [           main] org.hibernate.orm.deprecation            : HHH90000025: H2Dialect does not need to be specified explicitly using 'hibernate.dialect' (remove the property setting and it will be selected by default)
2024-11-10T21:16:49.163-05:00  INFO 3692 --- [lucas.santos] [           main] o.h.e.t.j.p.i.JtaPlatformInitiator       : HHH000489: No JTA platform available (set 'hibernate.transaction.jta.platform' to enable JTA platform integration)
Hibernate: drop table if exists tbl_cliente cascade 
Hibernate: create table tbl_cliente (id integer generated by default as identity, cpf varchar(255), email varchar(255), nome varchar(255), primary key (id))
2024-11-10T21:16:49.179-05:00  INFO 3692 --- [lucas.santos] [           main] j.LocalContainerEntityManagerFactoryBean : Initialized JPA EntityManagerFactory for persistence unit 'default'
2024-11-10T21:16:49.415-05:00  WARN 3692 --- [lucas.santos] [           main] JpaBaseConfiguration$JpaWebConfiguration : spring.jpa.open-in-view is enabled by default. Therefore, database queries may be performed during view rendering. Explicitly configure spring.jpa.open-in-view to disable this warning
2024-11-10T21:16:49.732-05:00  INFO 3692 --- [lucas.santos] [           main] o.s.b.a.h2.H2ConsoleAutoConfiguration    : H2 console available at '/h2-console'. Database available at 'jdbc:h2:~/articodb'
2024-11-10T21:16:49.778-05:00  INFO 3692 --- [lucas.santos] [           main] b.e.i.lucas.santos.ApplicationTests      : Started ApplicationTests in 2.321 seconds (process running for 2.885)
ESTADO: Rondônia
ESTADO: Acre
ESTADO: Amazonas
ESTADO: Roraima
ESTADO: Pará
ESTADO: Amapá
ESTADO: Tocantins
ESTADO: Maranhão
ESTADO: Piauí
ESTADO: Ceará
ESTADO: Rio Grande do Norte
ESTADO: Paraíba
ESTADO: Pernambuco
ESTADO: Alagoas
ESTADO: Sergipe
ESTADO: Bahia
ESTADO: Minas Gerais
ESTADO: Espírito Santo
ESTADO: Rio de Janeiro
ESTADO: São Paulo
ESTADO: Paraná
ESTADO: Santa Catarina
ESTADO: Rio Grande do Sul
ESTADO: Mato Grosso do Sul
ESTADO: Mato Grosso
ESTADO: Goiás
ESTADO: Distrito Federal
MUNICÍPIO: Angra dos Reis
MUNICÍPIO: Aperibé
MUNICÍPIO: Araruama
MUNICÍPIO: Areal
MUNICÍPIO: Armação dos Búzios
MUNICÍPIO: Arraial do Cabo
MUNICÍPIO: Barra do Piraí
MUNICÍPIO: Barra Mansa
MUNICÍPIO: Belford Roxo
MUNICÍPIO: Bom Jardim
MUNICÍPIO: Bom Jesus do Itabapoana
MUNICÍPIO: Cabo Frio
MUNICÍPIO: Cachoeiras de Macacu
MUNICÍPIO: Cambuci
MUNICÍPIO: Carapebus
MUNICÍPIO: Comendador Levy Gasparian
MUNICÍPIO: Campos dos Goytacazes
MUNICÍPIO: Cantagalo
MUNICÍPIO: Cardoso Moreira
MUNICÍPIO: Carmo
MUNICÍPIO: Casimiro de Abreu
MUNICÍPIO: Conceição de Macabu
MUNICÍPIO: Cordeiro
MUNICÍPIO: Duas Barras
MUNICÍPIO: Duque de Caxias
MUNICÍPIO: Engenheiro Paulo de Frontin
MUNICÍPIO: Guapimirim
MUNICÍPIO: Iguaba Grande
MUNICÍPIO: Itaboraí
MUNICÍPIO: Itaguaí
MUNICÍPIO: Italva
MUNICÍPIO: Itaocara
MUNICÍPIO: Itaperuna
MUNICÍPIO: Itatiaia
MUNICÍPIO: Japeri
MUNICÍPIO: Laje do Muriaé
MUNICÍPIO: Macaé
MUNICÍPIO: Macuco
MUNICÍPIO: Magé
MUNICÍPIO: Mangaratiba
MUNICÍPIO: Maricá
MUNICÍPIO: Mendes
MUNICÍPIO: Mesquita
MUNICÍPIO: Miguel Pereira
MUNICÍPIO: Miracema
MUNICÍPIO: Natividade
MUNICÍPIO: Nilópolis
MUNICÍPIO: Niterói
MUNICÍPIO: Nova Friburgo
MUNICÍPIO: Nova Iguaçu
MUNICÍPIO: Paracambi
MUNICÍPIO: Paraíba do Sul
MUNICÍPIO: Paraty
MUNICÍPIO: Paty do Alferes
MUNICÍPIO: Petrópolis
MUNICÍPIO: Pinheiral
MUNICÍPIO: Piraí
MUNICÍPIO: Porciúncula
MUNICÍPIO: Porto Real
MUNICÍPIO: Quatis
MUNICÍPIO: Queimados
MUNICÍPIO: Quissamã
MUNICÍPIO: Resende
MUNICÍPIO: Rio Bonito
MUNICÍPIO: Rio Claro
MUNICÍPIO: Rio das Flores
MUNICÍPIO: Rio das Ostras
MUNICÍPIO: Rio de Janeiro
MUNICÍPIO: Santa Maria Madalena
MUNICÍPIO: Santo Antônio de Pádua
MUNICÍPIO: São Francisco de Itabapoana
MUNICÍPIO: São Fidélis
MUNICÍPIO: São Gonçalo
MUNICÍPIO: São João da Barra
MUNICÍPIO: São João de Meriti
MUNICÍPIO: São José de Ubá
MUNICÍPIO: São José do Vale do Rio Preto
MUNICÍPIO: São Pedro da Aldeia
MUNICÍPIO: São Sebastião do Alto
MUNICÍPIO: Sapucaia
MUNICÍPIO: Saquarema
MUNICÍPIO: Seropédica
MUNICÍPIO: Silva Jardim
MUNICÍPIO: Sumidouro
MUNICÍPIO: Tanguá
MUNICÍPIO: Teresópolis
MUNICÍPIO: Trajano de Moraes
MUNICÍPIO: Três Rios
MUNICÍPIO: Valença
MUNICÍPIO: Varre-Sai
MUNICÍPIO: Vassouras
MUNICÍPIO: Volta Redonda
Hibernate: insert into tbl_cliente (cpf,email,nome,id) values (?,?,?,default)
[lsantos@clienteartico.com] Cliente Lucas Santos cadastrado com sucesso!
Hibernate: insert into tbl_cliente (cpf,email,nome,id) values (?,?,?,default)
[bgrassi@clienteartico.com] Cliente Bruna Grassi cadastrado com sucesso!
[1] Casaco 'Casaco Colecao Padrão' Unisex (Colete, Padrao, P, Sintetico) cadastrado com sucesso
[2] Casaco 'Casaco Colecao Padrão' Unisex (Colete, Padrao, M, Sintetico) cadastrado com sucesso
[3] Casaco 'Casaco Colecao Padrão' Unisex (Colete, Padrao, L, Sintetico) cadastrado com sucesso
[4] Casaco 'Casaco Colecao Padrão' Unisex (Jaqueta, Padrao, P, Sintetico) cadastrado com sucesso
[5] Casaco 'Casaco Colecao Padrão' Unisex (Jaqueta, Padrao, M, Sintetico) cadastrado com sucesso
[6] Casaco 'Casaco Colecao Padrão' Unisex (Jaqueta, Padrao, L, Sintetico) cadastrado com sucesso
[7] Casaco 'Casaco Colecao Padrão' Unisex (Jaqueta, PessoaAlta, L, Sintetico) cadastrado com sucesso
[8] Casaco 'Casaco Colecao Padrão' Unisex (Parka, Padrao, P, Sintetico) cadastrado com sucesso
[9] Casaco 'Casaco Colecao Padrão' Unisex (Parka, Padrao, M, Sintetico) cadastrado com sucesso
[10] Casaco 'Casaco Colecao Padrão' Unisex (Parka, Padrao, L, Sintetico) cadastrado com sucesso
[11] Casaco 'Casaco Colecao Premium' Unisex (Colete, Padrao, P, Penas) cadastrado com sucesso
[12] Casaco 'Casaco Colecao Premium' Unisex (Colete, Padrao, M, Penas) cadastrado com sucesso
[13] Casaco 'Casaco Colecao Premium' Unisex (Colete, Padrao, L, Penas) cadastrado com sucesso
[14] Casaco 'Casaco Colecao Premium' Unisex (Jaqueta, Padrao, P, Penas) cadastrado com sucesso
[15] Casaco 'Casaco Colecao Premium' Unisex (Jaqueta, PessoaAlta, M, Penas) cadastrado com sucesso
[16] Casaco 'Casaco Colecao Premium' Unisex (Jaqueta, Padrao, L, Penas) cadastrado com sucesso
[17] Casaco 'Casaco Colecao Premium' Unisex (Parka, Padrao, P, Penas) cadastrado com sucesso
[18] Casaco 'Casaco Colecao Premium' Unisex (Parka, Padrao, M, Penas) cadastrado com sucesso
[19] Casaco 'Casaco Colecao Premium' Unisex (Parka, Padrao, L, Penas) cadastrado com sucesso
[21] Calçado 'Bota para frio' Masculino (Bota, 40) cadastrado com sucesso
[22] Calçado 'Bota para frio' Masculino (Bota, 43) cadastrado com sucesso
[23] Calçado 'Bota para frio' Masculino (Bota, 44) cadastrado com sucesso
[24] Calçado 'Bota para frio' Masculino (Bota, 46) cadastrado com sucesso
[25] Calçado 'Bota para frio' Feminino (Bota, 34) cadastrado com sucesso
[26] Calçado 'Bota para frio' Feminino (Bota, 36) cadastrado com sucesso
[27] Calçado 'Bota para frio' Feminino (Bota, 38) cadastrado com sucesso
[28] Calçado 'Bota para frio intenso' Masculino (BotaInverno, 40) cadastrado com sucesso
[29] Calçado 'Bota para frio intenso' Masculino (BotaInverno, 43) cadastrado com sucesso
[30] Calçado 'Bota para frio intenso' Masculino (BotaInverno, 44) cadastrado com sucesso
[31] Calçado 'Bota para frio intenso' Feminino (BotaInverno, 34) cadastrado com sucesso
[32] Calçado 'Bota para frio intenso' Feminino (BotaInverno, 36) cadastrado com sucesso
[33] Calçado 'Bota para frio intenso' Feminino (BotaInverno, 38) cadastrado com sucesso
[34] Calçado 'Acompanha nas suas trilhas' Unisex (Tenis, 34) cadastrado com sucesso
[35] Calçado 'Acompanha nas suas trilhas' Unisex (Tenis, 36) cadastrado com sucesso
[36] Calçado 'Acompanha nas suas trilhas' Unisex (Tenis, 38) cadastrado com sucesso
[37] Calçado 'Acompanha nas suas trilhas' Unisex (Tenis, 40) cadastrado com sucesso
[38] Calçado 'Acompanha nas suas trilhas' Unisex (Tenis, 44) cadastrado com sucesso
Hibernate: select c1_0.id,c1_0.cpf,c1_0.email,c1_0.nome from tbl_cliente c1_0 where c1_0.email=?
[2024-10-18] Ordem para cliente Lucas Santos cadastrada com sucesso!
Hibernate: select c1_0.id,c1_0.cpf,c1_0.email,c1_0.nome from tbl_cliente c1_0 where c1_0.email=?
[2024-11-03] Ordem para cliente Lucas Santos cadastrada com sucesso!
Hibernate: select c1_0.id,c1_0.cpf,c1_0.email,c1_0.nome from tbl_cliente c1_0 where c1_0.email=?
[2024-09-21] Ordem para cliente Bruna Grassi cadastrada com sucesso!
]]></system-out>
    <system-err><![CDATA[WARNING: A Java agent has been loaded dynamically (C:\Users\Lucas Santos\.m2\repository\net\bytebuddy\byte-buddy-agent\1.14.19\byte-buddy-agent-1.14.19.jar)
WARNING: If a serviceability tool is in use, please run with -XX:+EnableDynamicAgentLoading to hide this warning
WARNING: If a serviceability tool is not in use, please run with -Djdk.instrument.traceUsage for more information
WARNING: Dynamic loading of agents will be disallowed by default in a future release
]]></system-err>
  </testcase>
</testsuite>